[handleMsg]:  {
  key: {
    remoteJid: '573217042700@s.whatsapp.net',
    fromMe: false,
    id: '3EB09929F9DCB698D540',
    participant: undefined
  },
  messageTimestamp: 1676925792,
  pushName: 'Mario Lasluisa',
  message: Message {
    conversation: 'hola',
    messageContextInfo: MessageContextInfo {
      deviceListMetadata: [DeviceListMetadata],
      deviceListMetadataVersion: 2
    }
  },
  body: 'hola',
  from: '573217042700'
}
[handleMsg]:  {
  key: {
    remoteJid: '573217042700@s.whatsapp.net',
    fromMe: false,
    id: '3EB09231B994837A16F9',
    participant: undefined
  },
  messageTimestamp: 1676925800,
  pushName: 'Mario Lasluisa',
  message: Message {
    messageContextInfo: MessageContextInfo {
      deviceListMetadata: [DeviceListMetadata],
      deviceListMetadataVersion: 2
    },
    buttonsResponseMessage: ButtonsResponseMessage {
      selectedButtonId: 'id-btn-1',
      selectedDisplayText: 'Gracias',
      contextInfo: [ContextInfo],
      type: 1
    }
  },
  body: 'Gracias',
  from: '573217042700'
}
[handleMsg]:  {
  key: {
    remoteJid: '573217042700@s.whatsapp.net',
    fromMe: false,
    id: '3EB0239842E983F9AA1B',
    participant: undefined
  },
  messageTimestamp: 1676925804,
  pushName: 'Mario Lasluisa',
  message: Message {
    messageContextInfo: MessageContextInfo {
      deviceListMetadata: [DeviceListMetadata],
      deviceListMetadataVersion: 2
    },
    buttonsResponseMessage: ButtonsResponseMessage {
      selectedButtonId: 'id-btn-4',
      selectedDisplayText: 'Siguiente',
      contextInfo: [ContextInfo],
      type: 1
    }
  },
  body: 'Siguiente',
  from: '573217042700'
}
[handleMsg]:  {
  key: {
    remoteJid: '573217042700@s.whatsapp.net',
    fromMe: false,
    id: '3EB0FFBFEC9DBCDF6CB1',
    participant: undefined
  },
  messageTimestamp: 1676925809,
  pushName: 'Mario Lasluisa',
  message: Message {
    messageContextInfo: MessageContextInfo {
      deviceListMetadata: [DeviceListMetadata],
      deviceListMetadataVersion: 2
    },
    buttonsResponseMessage: ButtonsResponseMessage {
      selectedButtonId: 'id-btn-3',
      selectedDisplayText: 'Documentacion',
      contextInfo: [ContextInfo],
      type: 1
    }
  },
  body: 'Documentacion',
  from: '573217042700'
}
[handleMsg]:  {
  key: {
    remoteJid: '573217042700@s.whatsapp.net',
    fromMe: false,
    id: '3EB0C26B43774076FD7A',
    participant: undefined
  },
  messageTimestamp: 1676925814,
  pushName: 'Mario Lasluisa',
  message: Message {
    messageContextInfo: MessageContextInfo {
      deviceListMetadata: [DeviceListMetadata],
      deviceListMetadataVersion: 2
    },
    buttonsResponseMessage: ButtonsResponseMessage {
      selectedButtonId: 'id-btn-0',
      selectedDisplayText: 'Discord',
      contextInfo: [ContextInfo],
      type: 1
    }
  },
  body: 'Discord',
  from: '573217042700'
}
[handleMsg]:  {
  key: {
    remoteJid: '573217042700@s.whatsapp.net',
    fromMe: false,
    id: '3EB01CC78FFC82C42386',
    participant: undefined
  },
  messageTimestamp: 1676925819,
  pushName: 'Mario Lasluisa',
  message: Message {
    messageContextInfo: MessageContextInfo {
      deviceListMetadata: [DeviceListMetadata],
      deviceListMetadataVersion: 2
    },
    buttonsResponseMessage: ButtonsResponseMessage {
      selectedButtonId: 'id-btn-2',
      selectedDisplayText: 'Tutorial',
      contextInfo: [ContextInfo],
      type: 1
    }
  },
  body: 'Tutorial',
  from: '573217042700'
}
[handleMsg]:  {
  key: {
    remoteJid: '573217042700@s.whatsapp.net',
    fromMe: false,
    id: '3EB0CA433B6C60024DD3',
    participant: undefined
  },
  messageTimestamp: 1676925839,
  pushName: 'Mario Lasluisa',
  message: Message {
    conversation: 'Está bueno, dejalo así, lo miramos juntos ésta semana',
    messageContextInfo: MessageContextInfo {
      deviceListMetadata: [DeviceListMetadata],
      deviceListMetadataVersion: 2
    }
  },
  body: 'Está bueno, dejalo así, lo miramos juntos ésta semana',
  from: '573217042700'
}
[handleMsg]:  {
  key: {
    remoteJid: '573217042700@s.whatsapp.net',
    fromMe: false,
    id: '3EB03EF947D83F977A65',
    participant: undefined
  },
  messageTimestamp: 1676925851,
  pushName: 'Mario Lasluisa',
  message: Message {
    conversation: 'estás usando un repositorio?',
    messageContextInfo: MessageContextInfo {
      deviceListMetadata: [DeviceListMetadata],
      deviceListMetadataVersion: 2
    }
  },
  body: 'estás usando un repositorio?',
  from: '573217042700'
}
[handleMsg]:  {
  key: {
    remoteJid: '573217042700@s.whatsapp.net',
    fromMe: false,
    id: '3EB0DBFF78DC6C5D7E7A',
    participant: undefined
  },
  messageTimestamp: 1676925879,
  pushName: 'Mario Lasluisa',
  message: Message {
    conversation: 'más que todo pa mirarlo y avanzar si tengo tiempo',
    messageContextInfo: MessageContextInfo {
      deviceListMetadata: [DeviceListMetadata],
      deviceListMetadataVersion: 2
    }
  },
  body: 'más que todo pa mirarlo y avanzar si tengo tiempo',
  from: '573217042700'
}
